<?xml version="1.0" encoding="UTF-8"?>
<testng-results ignored="0" total="1" passed="1" failed="0" skipped="0">
  <reporter-output>
  </reporter-output>
  <suite started-at="2021-07-08T00:58:21 EDT" name="Default suite" finished-at="2021-07-08T00:58:30 EDT" duration-ms="9666">
    <groups>
    </groups>
    <test started-at="2021-07-08T00:58:21 EDT" name="Default test" finished-at="2021-07-08T00:58:30 EDT" duration-ms="9666">
      <class name="com.herokuapp.theinternet.PositiveTests">
        <test-method signature="loginTest()[pri:0, instance:com.herokuapp.theinternet.PositiveTests@29176cc1]" started-at="2021-07-08T00:58:21 EDT" name="loginTest" finished-at="2021-07-08T00:58:30 EDT" duration-ms="9630" status="PASS">
          <reporter-output>
          </reporter-output>
        </test-method> <!-- loginTest -->
      </class> <!-- com.herokuapp.theinternet.PositiveTests -->
    </test> <!-- Default test -->
  </suite> <!-- Default suite -->
</testng-results>
