<?xml version="1.0" encoding="UTF-8"?>
<testng-results ignored="1" total="2" passed="1" failed="0" skipped="0">
  <reporter-output>
  </reporter-output>
  <suite started-at="2021-07-11T00:20:01 EDT" name="NegativeTestsSuite" finished-at="2021-07-11T00:20:11 EDT" duration-ms="9889">
    <groups>
    </groups>
    <test started-at="2021-07-11T00:20:01 EDT" name="NegativeTests" finished-at="2021-07-11T00:20:11 EDT" duration-ms="9889">
      <class name="com.herokuapp.theinternet.NegativeTests">
        <test-method signature="incorrectUsernameTest()[pri:1, instance:com.herokuapp.theinternet.NegativeTests@1d8bd0de]" started-at="2021-07-11T00:20:01 EDT" name="incorrectUsernameTest" finished-at="2021-07-11T00:20:11 EDT" duration-ms="9846" status="PASS">
          <reporter-output>
          </reporter-output>
        </test-method> <!-- incorrectUsernameTest -->
      </class> <!-- com.herokuapp.theinternet.NegativeTests -->
    </test> <!-- NegativeTests -->
  </suite> <!-- NegativeTestsSuite -->
</testng-results>
