<?xml version="1.0" encoding="UTF-8"?>
<!-- Generated by org.testng.reporters.JUnitXMLReporter -->
<testsuite ignored="0" hostname="DESKTOP-OGMR2FK" failures="0" tests="2" name="Default test" time="19.375" errors="0" timestamp="2021-07-10T15:02:01 EDT">
  <testcase classname="com.herokuapp.theinternet.NegativeTests" name="incorrectPasswordTest" time="10.167"/>
  <testcase classname="com.herokuapp.theinternet.NegativeTests" name="incorrectUsernameTest" time="9.167"/>
</testsuite> <!-- Default test -->
